Arguments: 
  C:\Program Files\nodejs\node.exe C:\Program Files (x86)\Yarn\bin\yarn.js add express-session session-file-store

PATH: 
  C:\Program Files (x86)\Common Files\Oracle\Java\javapath;C:\WINDOWS\system32;C:\WINDOWS;C:\WINDOWS\System32\Wbem;C:\WINDOWS\System32\WindowsPowerShell\v1.0\;C:\WINDOWS\System32\OpenSSH\;C:\Program Files (x86)\Windows Kits\8.1\Windows Performance Toolkit\;C:\Program Files\Microsoft SQL Server\110\Tools\Binn\;C:\Program Files\nodejs\;C:\nw\;C:\Program Files (x86)\GnuWin32\bin;C:\Program Files (x86)\Yarn\bin\;C:\Program Files\Java\jdk1.8.0_192\bin;C:\Users\Trigo\AppData\Local\Android\Sdk\build-tools;C:\Users\Trigo\AppData\Local\Android\Sdk\emulator;C:\Users\Trigo\AppData\Local\Android\Sdk\platforms;C:\Users\Trigo\AppData\Local\Android\Sdk\platform-tools;C:\Users\Trigo\AppData\Local\Android\Sdk\tools;C:\Users\Trigo\AppData\Local\Android\Sdk\cmdline-tools\latest\bin;C:\Users\Trigo\AppData\Local\Microsoft\WindowsApps;C:\Users\Trigo\AppData\Roaming\npm;C:\Users\Trigo\AppData\Local\Programs\Microsoft VS Code\bin;C:\Users\Trigo\AppData\Local\Yarn\bin

Yarn version: 
  1.22.4

Node version: 
  12.16.0

Platform: 
  win32 x64

Trace: 
  Error: https://registry.yarnpkg.com/@material-ui/icons/-/icons-4.11.2.tgz: ESOCKETTIMEDOUT
      at ClientRequest.<anonymous> (C:\Program Files (x86)\Yarn\lib\cli.js:141375:19)
      at Object.onceWrapper (events.js:427:28)
      at ClientRequest.emit (events.js:321:20)
      at TLSSocket.emitRequestTimeout (_http_client.js:714:9)
      at Object.onceWrapper (events.js:427:28)
      at TLSSocket.emit (events.js:321:20)
      at TLSSocket.Socket._onTimeout (net.js:478:8)
      at listOnTimeout (internal/timers.js:549:17)
      at processTimers (internal/timers.js:492:7)

npm manifest: 
  {
    "name": "video",
    "productName": "video aulas app",
    "version": "0.1.0",
    "homepage": "./",
    "private": true,
    "main": "public/electron.js",
    "dependencies": {
      "@material-ui/core": "^4.9.7",
      "@material-ui/icons": "^4.9.1",
      "@testing-library/jest-dom": "^4.2.4",
      "@testing-library/react": "^9.3.2",
      "@testing-library/user-event": "^7.1.2",
      "antd": "^4.1.4",
      "axios": "^0.21.1",
      "bootstrap": "^4.4.1",
      "concurrently": "^5.1.0",
      "connect-redis": "^5.0.0",
      "cookie-parser": "^1.4.5",
      "cors": "^2.8.5",
      "cross-env": "^7.0.3",
      "electron-is-dev": "^1.2.0",
      "electron-winstaller": "^4.0.1",
      "faker": "^4.1.0",
      "fb": "^2.0.0",
      "history": "^5.0.0",
      "js-cookies": "^1.0.4",
      "multer": "^1.4.2",
      "mysql": "^2.18.1",
      "node-notifier": "^9.0.0",
      "nodemon": "^2.0.2",
      "react": "^16.13.1",
      "react-bootstrap": "^1.0.0",
      "react-css-grid": "^2.0.0-0",
      "react-dom": "^16.13.1",
      "react-flexbox-grid": "^2.1.2",
      "react-grid-layout": "^0.18.3",
      "react-grid-system": "^6.3.0",
      "react-native": "^0.62.1",
      "react-router": "^5.1.2",
      "react-router-dom": "^5.1.2",
      "react-scripts": "3.4.1",
      "reactstrap": "^8.4.1",
      "redis": "^3.0.2",
      "socket.io": "^2.3.0",
      "socket.io-client": "^2.3.0",
      "standard": "^14.3.3",
      "xss": "^1.0.8"
    },
    "scripts": {
      "dev": "concurrently -n 'server,client' -c 'red,green'  \"nodemon app.js\" \"NODE_ENV=dev PORT=8000 react-scripts start\"",
      "server": "NODE_ENV=production nodemon app.js",
      "build": "react-scripts build",
      "servers": "nodemon app.js",
      "start": "react-scripts start",
      "test": "react-scripts test",
      "eject": "react-scripts eject",
      "devs": "concurrently -k \"SET BROWSER=none npm start\" \"npm:electron\"",
      "electron": "wait-on tcp:3000 && electron .",
      "win": "electron-builder --windows nsis:ia32",
      "electron2": "electron .",
      "pack": "electron-packager --platform=win32 --arch=x64 .",
      "package-win": "electron-packager . electron-tutorial-app --overwrite --asar=true --platform=win32 --arch=ia32 --icon=assets/icons/win/icon.ico --prune=true --out=release-builds --version-string.CompanyName=CE --version-string.FileDescription=CE --version-string.ProductName=\"Electron Tutorial App\""
    },
    "eslintConfig": {
      "extends": "react-app"
    },
    "browserslist": {
      "production": [
        ">0.2%",
        "not dead",
        "not op_mini all"
      ],
      "development": [
        "last 1 chrome version",
        "last 1 firefox version",
        "last 1 safari version"
      ]
    },
    "devDependencies": {
      "electron": "^11.1.1",
      "electron-builder": "^22.9.1",
      "electron-packager": "^15.2.0",
      "electron-wix-msi": "^3.0.6",
      "foreman": "^3.0.1",
      "wait-on": "^5.2.1"
    }
  }

yarn manifest: 
  No manifest

Lockfile: 
  No lockfile
